#
# A fatal error has been detected by the Java Runtime Environment:
#
#  EXCEPTION_ACCESS_VIOLATION (0xc0000005) at pc=0x6d07390b, pid=2300, tid=2936
#
# JRE version: 6.0_23-b05
# Java VM: Java HotSpot(TM) Client VM (19.0-b09 mixed mode windows-x86 )
# Problematic frame:
# C  [awt.dll+0x7390b]
#
# If you would like to submit a bug report, please visit:
#   http://java.sun.com/webapps/bugreport/crash.jsp
# The crash happened outside the Java Virtual Machine in native code.
# See problematic frame for where to report the bug.
#

---------------  T H R E A D  ---------------

Current thread (0x283fe000):  JavaThread "AWT-Windows" daemon [_thread_in_native, id=2936, stack(0x28eb0000,0x28f00000)]

siginfo: ExceptionCode=0xc0000005, reading address 0xf3fae132

Registers:
EAX=0xf3fae132, EBX=0x76f1444f, ECX=0x28eff59c, EDX=0x6d0c65e0
ESP=0x28eff55c, EBP=0x0001a220, ESI=0x289094d0, EDI=0x00000111
EIP=0x6d07390b, EFLAGS=0x00010282

Register to memory mapping:

EAX=0xf3fae132
0xf3fae132 is pointing to unknown location

EBX=0x76f1444f
0x76f1444f is pointing to unknown location

ECX=0x28eff59c
0x28eff59c is pointing into the stack for thread: 0x283fe000
"AWT-Windows" daemon prio=6 tid=0x283fe000 nid=0xb78 runnable [0x28eff000]
   java.lang.Thread.State: RUNNABLE

EDX=0x6d0c65e0
0x6d0c65e0 is pointing to unknown location

ESP=0x28eff55c
0x28eff55c is pointing into the stack for thread: 0x283fe000
"AWT-Windows" daemon prio=6 tid=0x283fe000 nid=0xb78 runnable [0x28eff000]
   java.lang.Thread.State: RUNNABLE

EBP=0x0001a220
0x0001a220 is pointing to unknown location

ESI=0x289094d0
0x289094d0 is pointing to unknown location

EDI=0x00000111
0x00000111 is pointing to unknown location


Top of Stack: (sp=0x28eff55c)
0x28eff55c:   6d07695f 0000a220 00000000 00000001
0x28eff56c:   0001a220 289094d0 28eff5f4 00000111
0x28eff57c:   00000001 00d5e510 00000000 283fe118
0x28eff58c:   7539702c 00d5e510 00000000 ffffffeb
0x28eff59c:   28eff5e8 6d0beba8 00000000 6d09e42e
0x28eff5ac:   00000111 0001a220 00000000 00000000
0x28eff5bc:   000c06a2 00000000 00000000 6d06d7ab
0x28eff5cc:   00000111 0001a220 00000000 00000000 

Instructions: (pc=0x6d07390b)
0x6d0738fb:   04 50 b9 40 29 10 6d e8 99 66 02 00 85 c0 74 07
0x6d07390b:   8b 10 8b c8 ff 52 04 b8 02 00 00 00 c2 0c 00 50 


Stack: [0x28eb0000,0x28f00000],  sp=0x28eff55c,  free space=317k
Native frames: (J=compiled Java code, j=interpreted, Vv=VM code, C=native code)
C  [awt.dll+0x7390b]

Java frames: (J=compiled Java code, j=interpreted, Vv=VM code)
j  sun.awt.windows.WToolkit.eventLoop()V+0
j  sun.awt.windows.WToolkit.run()V+52
j  java.lang.Thread.run()V+11
v  ~StubRoutines::call_stub

---------------  P R O C E S S  ---------------

Java Threads: ( => current thread )
  0x2899d400 JavaThread "Swing-Shell" daemon [_thread_blocked, id=5168, stack(0x2f5f0000,0x2f640000)]
  0x28913400 JavaThread "D3D Screen Updater" daemon [_thread_blocked, id=5332, stack(0x003b0000,0x00400000)]
  0x28813800 JavaThread "TimerQueue" daemon [_thread_blocked, id=3364, stack(0x2c2c0000,0x2c310000)]
  0x28581800 JavaThread "AWT-EventQueue-0" [_thread_in_native, id=5904, stack(0x29a10000,0x29a60000)]
  0x28402400 JavaThread "Command Watcher" daemon [_thread_blocked, id=6116, stack(0x29730000,0x29780000)]
=>0x283fe000 JavaThread "AWT-Windows" daemon [_thread_in_native, id=2936, stack(0x28eb0000,0x28f00000)]
  0x28225c00 JavaThread "AWT-Shutdown" [_thread_blocked, id=5400, stack(0x28e20000,0x28e70000)]
  0x28225800 JavaThread "Java2D Disposer" daemon [_thread_blocked, id=5872, stack(0x28d90000,0x28de0000)]
  0x279ff400 JavaThread "Low Memory Detector" daemon [_thread_blocked, id=2188, stack(0x27f70000,0x27fc0000)]
  0x279fa800 JavaThread "CompilerThread0" daemon [_thread_blocked, id=3592, stack(0x27ee0000,0x27f30000)]
  0x279f9800 JavaThread "Attach Listener" daemon [_thread_blocked, id=5196, stack(0x27e50000,0x27ea0000)]
  0x279f8800 JavaThread "Signal Dispatcher" daemon [_thread_blocked, id=4788, stack(0x27dc0000,0x27e10000)]
  0x279c3400 JavaThread "Finalizer" daemon [_thread_blocked, id=3780, stack(0x27cb0000,0x27d00000)]
  0x279c1c00 JavaThread "Reference Handler" daemon [_thread_blocked, id=6044, stack(0x27c20000,0x27c70000)]
  0x00b6e000 JavaThread "main" [_thread_blocked, id=5372, stack(0x00470000,0x004c0000)]

Other Threads:
  0x279be400 VMThread [stack: 0x27bd0000,0x27c20000] [id=4744]
  0x27a10c00 WatcherThread [stack: 0x28000000,0x28050000] [id=2336]

VM state:not at safepoint (normal execution)

VM Mutex/Monitor currently owned by a thread: None

Heap
 def new generation   total 38016K, used 27225K [0x04380000, 0x06cc0000, 0x0ea20000)
  eden space 33792K,  78% used [0x04380000, 0x05d4d640, 0x06480000)
  from space 4224K,  19% used [0x06480000, 0x06549048, 0x068a0000)
  to   space 4224K,   0% used [0x068a0000, 0x068a0000, 0x06cc0000)
 tenured generation   total 84396K, used 51841K [0x0ea20000, 0x13c8b000, 0x23780000)
   the space 84396K,  61% used [0x0ea20000, 0x11cc0470, 0x11cc0600, 0x13c8b000)
 compacting perm gen  total 26624K, used 26444K [0x23780000, 0x25180000, 0x27780000)
   the space 26624K,  99% used [0x23780000, 0x25153368, 0x25153400, 0x25180000)
No shared spaces configured.

Dynamic libraries:
0x00400000 - 0x00424000 	C:\altera\11.0\quartus\bin\jre\bin\java.exe
0x77b70000 - 0x77cf0000 	C:\Windows\SysWOW64\ntdll.dll
0x76f00000 - 0x77010000 	C:\Windows\syswow64\kernel32.dll
0x75790000 - 0x757d7000 	C:\Windows\syswow64\KERNELBASE.dll
0x769c0000 - 0x76a60000 	C:\Windows\syswow64\ADVAPI32.dll
0x77200000 - 0x772ac000 	C:\Windows\syswow64\msvcrt.dll
0x75c70000 - 0x75c89000 	C:\Windows\SysWOW64\sechost.dll
0x76a60000 - 0x76b50000 	C:\Windows\syswow64\RPCRT4.dll
0x75250000 - 0x752b0000 	C:\Windows\syswow64\SspiCli.dll
0x75240000 - 0x7524c000 	C:\Windows\syswow64\CRYPTBASE.dll
0x7c340000 - 0x7c396000 	C:\altera\11.0\quartus\bin\jre\bin\msvcr71.dll
0x6d7f0000 - 0x6da9c000 	C:\altera\11.0\quartus\bin\jre\bin\client\jvm.dll
0x75380000 - 0x75480000 	C:\Windows\syswow64\USER32.dll
0x76c00000 - 0x76c90000 	C:\Windows\syswow64\GDI32.dll
0x75620000 - 0x7562a000 	C:\Windows\syswow64\LPK.dll
0x75cd0000 - 0x75d6d000 	C:\Windows\syswow64\USP10.dll
0x74b60000 - 0x74b92000 	C:\Windows\system32\WINMM.dll
0x75970000 - 0x759d0000 	C:\Windows\system32\IMM32.DLL
0x757e0000 - 0x758ac000 	C:\Windows\syswow64\MSCTF.dll
0x75190000 - 0x751dc000 	C:\Windows\system32\apphelp.dll
0x6d700000 - 0x6d722000 	C:\altera\11.0\quartus\bin\jre\bin\splashscreen.dll
0x74f20000 - 0x74fa0000 	C:\Windows\system32\uxtheme.dll
0x6d7a0000 - 0x6d7ac000 	C:\altera\11.0\quartus\bin\jre\bin\verify.dll
0x6d320000 - 0x6d33f000 	C:\altera\11.0\quartus\bin\jre\bin\java.dll
0x6d280000 - 0x6d288000 	C:\altera\11.0\quartus\bin\jre\bin\hpi.dll
0x75a60000 - 0x75a65000 	C:\Windows\syswow64\PSAPI.DLL
0x6d7e0000 - 0x6d7ef000 	C:\altera\11.0\quartus\bin\jre\bin\zip.dll
0x75630000 - 0x7578c000 	C:\Windows\system32\ole32.dll
0x752e0000 - 0x75363000 	C:\Windows\syswow64\CLBCatQ.DLL
0x759d0000 - 0x75a5f000 	C:\Windows\syswow64\OLEAUT32.dll
0x6d000000 - 0x6d14a000 	C:\altera\11.0\quartus\bin\jre\bin\awt.dll
0x75120000 - 0x75171000 	C:\Windows\system32\WINSPOOL.DRV
0x72e60000 - 0x72ffe000 	C:\Windows\WinSxS\x86_microsoft.windows.common-controls_6595b64144ccf1df_6.0.7601.17514_none_41e6975e2bd6f2b2\COMCTL32.dll
0x75a70000 - 0x75ac7000 	C:\Windows\syswow64\SHLWAPI.dll
0x75100000 - 0x75113000 	C:\Windows\system32\DWMAPI.DLL
0x75d70000 - 0x769ba000 	C:\Windows\syswow64\shell32.dll
0x6d230000 - 0x6d27f000 	C:\altera\11.0\quartus\bin\jre\bin\fontmanager.dll
0x6d600000 - 0x6d613000 	C:\altera\11.0\quartus\bin\jre\bin\net.dll
0x75c90000 - 0x75cc5000 	C:\Windows\syswow64\WS2_32.dll
0x75910000 - 0x75916000 	C:\Windows\syswow64\NSI.dll
0x701b0000 - 0x701ec000 	C:\Windows\system32\mswsock.dll
0x74b00000 - 0x74b06000 	C:\Windows\System32\wship6.dll
0x732f0000 - 0x7330c000 	C:\Windows\system32\iphlpapi.dll
0x732e0000 - 0x732e7000 	C:\Windows\system32\WINNSI.DLL
0x70840000 - 0x7084d000 	C:\Windows\system32\dhcpcsvc6.DLL
0x6fa00000 - 0x6fa12000 	C:\Windows\system32\dhcpcsvc.DLL
0x6a6e0000 - 0x6a8a3000 	C:\Windows\system32\d3d9.dll
0x73760000 - 0x73769000 	C:\Windows\system32\VERSION.dll
0x6ab60000 - 0x6ab66000 	C:\Windows\system32\d3d8thk.dll
0x6c7b0000 - 0x6c83a000 	C:\Windows\system32\aticfx32.dll
0x6ab50000 - 0x6ab5a000 	C:\Windows\system32\atiu9pag.dll
0x69f00000 - 0x6a2ee000 	C:\Windows\system32\atiumdag.dll
0x6a370000 - 0x6a6d4000 	C:\Windows\system32\atiumdva.dll
0x6d620000 - 0x6d629000 	C:\altera\11.0\quartus\bin\jre\bin\nio.dll
0x75480000 - 0x7561d000 	C:\Windows\syswow64\SETUPAPI.dll
0x76db0000 - 0x76dd7000 	C:\Windows\syswow64\CFGMGR32.dll
0x76b50000 - 0x76b62000 	C:\Windows\syswow64\DEVOBJ.dll
0x71730000 - 0x71825000 	C:\Windows\system32\propsys.dll
0x73600000 - 0x73621000 	C:\Windows\system32\ntmarta.dll
0x75920000 - 0x75965000 	C:\Windows\syswow64\WLDAP32.dll
0x699e0000 - 0x69b78000 	C:\Windows\system32\NetworkExplorer.dll
0x6abb0000 - 0x6abde000 	C:\Windows\System32\shdocvw.dll
0x73730000 - 0x7373b000 	C:\Windows\system32\profapi.dll
0x68d90000 - 0x68d9a000 	C:\Windows\system32\slc.dll
0x698e0000 - 0x699db000 	C:\Windows\system32\WindowsCodecs.dll
0x2f800000 - 0x2f817000 	C:\Users\Robert\AppData\Roaming\Dropbox\bin\DropboxExt.14.dll
0x722c0000 - 0x723ab000 	C:\Windows\system32\dbghelp.dll
0x7c3a0000 - 0x7c41b000 	C:\Users\Robert\AppData\Roaming\Dropbox\bin\MSVCP71.dll
0x69ce0000 - 0x69d11000 	C:\Windows\system32\EhStorShell.dll
0x690c0000 - 0x694c6000 	C:\PROGRA~2\MICROS~1\Office14\GROOVEEX.DLL
0x73d60000 - 0x73e03000 	C:\Windows\WinSxS\x86_microsoft.vc90.crt_1fc8b3b9a1e18e3b_9.0.30729.6161_none_50934f2ebcb7eb57\MSVCR90.dll
0x73640000 - 0x736ce000 	C:\Windows\WinSxS\x86_microsoft.vc90.crt_1fc8b3b9a1e18e3b_9.0.30729.6161_none_50934f2ebcb7eb57\MSVCP90.dll
0x6a300000 - 0x6a32b000 	C:\Windows\WinSxS\x86_microsoft.vc90.atl_1fc8b3b9a1e18e3b_9.0.30729.6161_none_51cd0a7abbe4e19b\ATL90.DLL
0x686f0000 - 0x68b0a000 	C:\PROGRA~2\COMMON~1\MICROS~1\OFFICE14\Cultures\office.odf
0x67e80000 - 0x686e5000 	C:\PROGRA~2\MICROS~1\Office14\1033\GrooveIntlResource.dll
0x68db0000 - 0x68e20000 	C:\Windows\system32\ntshrui.dll
0x73270000 - 0x73289000 	C:\Windows\system32\srvcli.dll
0x68da0000 - 0x68dab000 	C:\Windows\system32\cscapi.dll
0x6a2f0000 - 0x6a2f6000 	C:\Windows\system32\IconCodecService.dll
0x72db0000 - 0x72dc2000 	C:\Windows\system32\MPR.dll
0x69cd0000 - 0x69cd8000 	C:\Windows\System32\drprov.dll
0x69ca0000 - 0x69cc9000 	C:\Windows\System32\WINSTA.dll
0x69c80000 - 0x69c94000 	C:\Windows\System32\ntlanman.dll
0x69c60000 - 0x69c77000 	C:\Windows\System32\davclnt.dll
0x69c50000 - 0x69c58000 	C:\Windows\System32\DAVHLPR.dll
0x73050000 - 0x7305f000 	C:\Windows\system32\wkscli.dll
0x73290000 - 0x73299000 	C:\Windows\system32\netutils.dll
0x67c40000 - 0x67e78000 	C:\Windows\system32\wpdshext.dll
0x71090000 - 0x71220000 	C:\Windows\WinSxS\x86_microsoft.windows.gdiplus_6595b64144ccf1df_1.1.7601.17825_none_72d273598668a06b\gdiplus.dll
0x69bc0000 - 0x69c49000 	C:\Windows\system32\PortableDeviceApi.dll
0x771d0000 - 0x771fd000 	C:\Windows\syswow64\WINTRUST.dll
0x76de0000 - 0x76efe000 	C:\Windows\syswow64\CRYPT32.dll
0x77b40000 - 0x77b4c000 	C:\Windows\syswow64\MSASN1.dll
0x69b90000 - 0x69bbb000 	C:\Windows\system32\PortableDeviceTypes.dll
0x69860000 - 0x6989f000 	C:\Windows\system32\audiodev.dll
0x695f0000 - 0x69857000 	C:\Windows\system32\WMVCore.DLL
0x698a0000 - 0x698dd000 	C:\Windows\system32\WMASF.DLL
0x695c0000 - 0x695e2000 	C:\Windows\system32\EhStorAPI.dll
0x68e20000 - 0x68e29000 	C:\Windows\system32\LINKINFO.dll
0x734f0000 - 0x734f8000 	C:\Windows\system32\Secur32.dll
0x73710000 - 0x73726000 	C:\Windows\system32\CRYPTSP.dll
0x736d0000 - 0x7370b000 	C:\Windows\system32\rsaenh.dll
0x73740000 - 0x73757000 	C:\Windows\system32\USERENV.dll
0x74ba0000 - 0x74bb0000 	C:\Windows\system32\NLAapi.dll
0x72da0000 - 0x72db0000 	C:\Windows\system32\napinsp.dll
0x6fbe0000 - 0x6fbf2000 	C:\Windows\system32\pnrpnsp.dll
0x74a70000 - 0x74ab4000 	C:\Windows\system32\DNSAPI.dll
0x71830000 - 0x71838000 	C:\Windows\System32\winrnr.dll
0x70180000 - 0x701a7000 	C:\Program Files (x86)\Common Files\Microsoft Shared\Windows Live\WLIDNSP.DLL
0x74af0000 - 0x74af5000 	C:\Windows\System32\wshtcpip.dll
0x74b50000 - 0x74b56000 	C:\Windows\system32\rasadhlp.dll
0x70140000 - 0x70178000 	C:\Windows\System32\fwpuclnt.dll
0x6d1a0000 - 0x6d1c3000 	C:\altera\11.0\quartus\bin\jre\bin\dcpr.dll

VM Arguments:
jvm_args: -Xmx500m 
java_command: com.altera.ipedit.QsysEditorApp --project-dir=C:/Users/Robert/Documents/MBC/OFFCHIP/SSD_EMU/ --system-info=DEVICE_FAMILY=Stratix IV --host-controller
Launcher Type: SUN_STANDARD

Environment Variables:
PATH=c:\altera\11.0\quartus\bin\;"C:\Program Files (x86)\Microchip\xc8\v1.10\bin";C:\Program Files\NVIDIA GPU Computing Toolkit\CUDA\v4.1\\bin;C:\Program Files\NVIDIA GPU Computing Toolkit\CUDA\v4.1\libnvvp\;C:\Program Files (x86)\MiKTeX 2.9\miktex\bin;C:\Program Files\Common Files\Microsoft Shared\Windows Live;C:\Program Files (x86)\Common Files\Microsoft Shared\Windows Live;C:\Windows\system32;C:\Windows;C:\Windows\System32\Wbem;C:\Windows\System32\WindowsPowerShell\v1.0\;c:\Program Files (x86)\ATI Technologies\ATI.ACE\Core-Static;C:\Program Files (x86)\Windows Live\Shared;C:\Program Files (x86)\Common Files\Roxio Shared\DLLShared\;C:\Program Files (x86)\Common Files\Roxio Shared\OEM\DLLShared\;C:\Program Files (x86)\Common Files\Roxio Shared\OEM\DLLShared\;C:\Program Files (x86)\Common Files\Roxio Shared\OEM\12.0\DLLShared\;C:\Program Files (x86)\Roxio\OEM\AudioCore\;C:\Program Files\MATLAB\R2011b\runtime\win64;C:\Program Files\MATLAB\R2011b\bin;C:\Aldec\Active-HDL Student Edition\bin;c:\Program Files (x86)\Microsoft SQL Server\100\Tools\Binn\;c:\Program Files\Microsoft SQL Server\100\Tools\Binn\;c:\Program Files\Microsoft SQL Server\100\DTS\Binn\
USERNAME=Robert
OS=Windows_NT
PROCESSOR_IDENTIFIER=Intel64 Family 6 Model 30 Stepping 5, GenuineIntel



---------------  S Y S T E M  ---------------

OS: Windows 7 Build 7601 Service Pack 1

CPU:total 4 (4 cores per cpu, 1 threads per core) family 6 model 30 stepping 5, cmov, cx8, fxsr, mmx, sse, sse2, sse3, ssse3, sse4.1, sse4.2, popcnt

Memory: 4k page, physical 6249592k(3600076k free), swap 12497332k(8863340k free)

vm_info: Java HotSpot(TM) Client VM (19.0-b09) for windows-x86 JRE (1.6.0_23-b05), built on Nov 12 2010 15:00:43 by "java_re" with MS VC++ 7.1 (VS2003)

time: Sun Nov 18 16:23:52 2012
elapsed time: 3876 seconds

