#
# A fatal error has been detected by the Java Runtime Environment:
#
#  EXCEPTION_ACCESS_VIOLATION (0xc0000005) at pc=0x6d07390b, pid=3224, tid=7836
#
# JRE version: 6.0_23-b05
# Java VM: Java HotSpot(TM) Client VM (19.0-b09 mixed mode windows-x86 )
# Problematic frame:
# C  [awt.dll+0x7390b]
#
# If you would like to submit a bug report, please visit:
#   http://java.sun.com/webapps/bugreport/crash.jsp
# The crash happened outside the Java Virtual Machine in native code.
# See problematic frame for where to report the bug.
#

---------------  T H R E A D  ---------------

Current thread (0x28b2a800):  JavaThread "AWT-Windows" daemon [_thread_in_native, id=7836, stack(0x29510000,0x29560000)]

siginfo: ExceptionCode=0xc0000005, reading address 0xe4fcaeee

Registers:
EAX=0xe4fcaeee, EBX=0x7498444f, ECX=0x2955f780, EDX=0x6d0c65e0
ESP=0x2955f740, EBP=0x0001a220, ESI=0x292b5008, EDI=0x00000111
EIP=0x6d07390b, EFLAGS=0x00010286

Register to memory mapping:

EAX=0xe4fcaeee
0xe4fcaeee is pointing to unknown location

EBX=0x7498444f
0x7498444f is pointing to unknown location

ECX=0x2955f780
0x2955f780 is pointing into the stack for thread: 0x28b2a800
"AWT-Windows" daemon prio=6 tid=0x28b2a800 nid=0x1e9c runnable [0x2955f000]
   java.lang.Thread.State: RUNNABLE

EDX=0x6d0c65e0
0x6d0c65e0 is pointing to unknown location

ESP=0x2955f740
0x2955f740 is pointing into the stack for thread: 0x28b2a800
"AWT-Windows" daemon prio=6 tid=0x28b2a800 nid=0x1e9c runnable [0x2955f000]
   java.lang.Thread.State: RUNNABLE

EBP=0x0001a220
0x0001a220 is pointing to unknown location

ESI=0x292b5008
0x292b5008 is pointing to unknown location

EDI=0x00000111
0x00000111 is pointing to unknown location


Top of Stack: (sp=0x2955f740)
0x2955f740:   6d07695f 0000a220 00000000 00000001
0x2955f750:   0001a220 292b5008 2955f7f4 00000111
0x2955f760:   00000001 762c6f9e 00000000 28b2a918
0x2955f770:   ffffffeb 00000000 00000000 000f0734
0x2955f780:   2955f7e8 6d0beba8 00000000 6d09e42e
0x2955f790:   00000111 0001a220 00000000 00000111
0x2955f7a0:   292b5008 00000000 00000000 6d07bb92
0x2955f7b0:   00000111 0001a220 00000000 00000000 

Instructions: (pc=0x6d07390b)
0x6d0738fb:   04 50 b9 40 29 10 6d e8 99 66 02 00 85 c0 74 07
0x6d07390b:   8b 10 8b c8 ff 52 04 b8 02 00 00 00 c2 0c 00 50 


Stack: [0x29510000,0x29560000],  sp=0x2955f740,  free space=317k
Native frames: (J=compiled Java code, j=interpreted, Vv=VM code, C=native code)
C  [awt.dll+0x7390b]

Java frames: (J=compiled Java code, j=interpreted, Vv=VM code)
j  sun.awt.windows.WToolkit.eventLoop()V+0
j  sun.awt.windows.WToolkit.run()V+52
j  java.lang.Thread.run()V+11
v  ~StubRoutines::call_stub

---------------  P R O C E S S  ---------------

Java Threads: ( => current thread )
  0x29044000 JavaThread "Swing-Shell" daemon [_thread_blocked, id=5008, stack(0x2fbb0000,0x2fc00000)]
  0x28ed9c00 JavaThread "D3D Screen Updater" daemon [_thread_blocked, id=7696, stack(0x00390000,0x003e0000)]
  0x28ecb400 JavaThread "TimerQueue" daemon [_thread_blocked, id=5848, stack(0x2c880000,0x2c8d0000)]
  0x28c2ac00 JavaThread "AWT-EventQueue-0" [_thread_in_native, id=5488, stack(0x29eb0000,0x29f00000)]
  0x28bf3400 JavaThread "Command Watcher" daemon [_thread_blocked, id=340, stack(0x29d90000,0x29de0000)]
=>0x28b2a800 JavaThread "AWT-Windows" daemon [_thread_in_native, id=7836, stack(0x29510000,0x29560000)]
  0x28b2a000 JavaThread "AWT-Shutdown" [_thread_blocked, id=6912, stack(0x29480000,0x294d0000)]
  0x2895b400 JavaThread "Java2D Disposer" daemon [_thread_blocked, id=8004, stack(0x293f0000,0x29440000)]
  0x27d5f800 JavaThread "Low Memory Detector" daemon [_thread_blocked, id=6360, stack(0x286a0000,0x286f0000)]
  0x27d5ac00 JavaThread "CompilerThread0" daemon [_thread_blocked, id=6856, stack(0x28610000,0x28660000)]
  0x27d59c00 JavaThread "Attach Listener" daemon [_thread_blocked, id=7016, stack(0x28580000,0x285d0000)]
  0x27d56c00 JavaThread "Signal Dispatcher" daemon [_thread_blocked, id=3480, stack(0x284f0000,0x28540000)]
  0x27d23400 JavaThread "Finalizer" daemon [_thread_blocked, id=4996, stack(0x28460000,0x284b0000)]
  0x27d21c00 JavaThread "Reference Handler" daemon [_thread_blocked, id=6164, stack(0x28000000,0x28050000)]
  0x00e6e000 JavaThread "main" [_thread_blocked, id=7232, stack(0x00470000,0x004c0000)]

Other Threads:
  0x27d1e400 VMThread [stack: 0x27f70000,0x27fc0000] [id=9836]
  0x27d71400 WatcherThread [stack: 0x28730000,0x28780000] [id=8204]

VM state:not at safepoint (normal execution)

VM Mutex/Monitor currently owned by a thread: None

Heap
 def new generation   total 38400K, used 2771K [0x046e0000, 0x07080000, 0x0ed80000)
  eden space 34176K,   8% used [0x046e0000, 0x04994e20, 0x06840000)
  from space 4224K,   0% used [0x06840000, 0x06840018, 0x06c60000)
  to   space 4224K,   0% used [0x06c60000, 0x06c60000, 0x07080000)
 tenured generation   total 85188K, used 79443K [0x0ed80000, 0x140b1000, 0x23ae0000)
   the space 85188K,  93% used [0x0ed80000, 0x13b14fc0, 0x13b15000, 0x140b1000)
 compacting perm gen  total 26368K, used 26314K [0x23ae0000, 0x254a0000, 0x27ae0000)
   the space 26368K,  99% used [0x23ae0000, 0x25492860, 0x25492a00, 0x254a0000)
No shared spaces configured.

Dynamic libraries:
0x00400000 - 0x00424000 	C:\altera\11.0\quartus\bin\jre\bin\java.exe
0x77090000 - 0x77210000 	C:\Windows\SysWOW64\ntdll.dll
0x74970000 - 0x74a80000 	C:\Windows\syswow64\kernel32.dll
0x763b0000 - 0x763f7000 	C:\Windows\syswow64\KERNELBASE.dll
0x766a0000 - 0x76740000 	C:\Windows\syswow64\ADVAPI32.dll
0x74e80000 - 0x74f2c000 	C:\Windows\syswow64\msvcrt.dll
0x74c60000 - 0x74c79000 	C:\Windows\SysWOW64\sechost.dll
0x76030000 - 0x76120000 	C:\Windows\syswow64\RPCRT4.dll
0x74770000 - 0x747d0000 	C:\Windows\syswow64\SspiCli.dll
0x74760000 - 0x7476c000 	C:\Windows\syswow64\CRYPTBASE.dll
0x7c340000 - 0x7c396000 	C:\altera\11.0\quartus\bin\jre\bin\msvcr71.dll
0x6d7f0000 - 0x6da9c000 	C:\altera\11.0\quartus\bin\jre\bin\client\jvm.dll
0x762b0000 - 0x763b0000 	C:\Windows\syswow64\USER32.dll
0x76420000 - 0x764b0000 	C:\Windows\syswow64\GDI32.dll
0x76400000 - 0x7640a000 	C:\Windows\syswow64\LPK.dll
0x74ba0000 - 0x74c3d000 	C:\Windows\syswow64\USP10.dll
0x74570000 - 0x745a2000 	C:\Windows\system32\WINMM.dll
0x76740000 - 0x767a0000 	C:\Windows\system32\IMM32.DLL
0x765d0000 - 0x7669c000 	C:\Windows\syswow64\MSCTF.dll
0x718e0000 - 0x7192c000 	C:\Windows\system32\apphelp.dll
0x6d700000 - 0x6d722000 	C:\altera\11.0\quartus\bin\jre\bin\splashscreen.dll
0x717d0000 - 0x71850000 	C:\Windows\system32\uxtheme.dll
0x6d7a0000 - 0x6d7ac000 	C:\altera\11.0\quartus\bin\jre\bin\verify.dll
0x6d320000 - 0x6d33f000 	C:\altera\11.0\quartus\bin\jre\bin\java.dll
0x6d280000 - 0x6d288000 	C:\altera\11.0\quartus\bin\jre\bin\hpi.dll
0x762a0000 - 0x762a5000 	C:\Windows\syswow64\PSAPI.DLL
0x6d7e0000 - 0x6d7ef000 	C:\altera\11.0\quartus\bin\jre\bin\zip.dll
0x75080000 - 0x751dc000 	C:\Windows\system32\ole32.dll
0x74df0000 - 0x74e73000 	C:\Windows\syswow64\CLBCatQ.DLL
0x74f60000 - 0x74fef000 	C:\Windows\syswow64\OLEAUT32.dll
0x6d000000 - 0x6d14a000 	C:\altera\11.0\quartus\bin\jre\bin\awt.dll
0x72110000 - 0x72161000 	C:\Windows\system32\WINSPOOL.DRV
0x704d0000 - 0x7066e000 	C:\Windows\WinSxS\x86_microsoft.windows.common-controls_6595b64144ccf1df_6.0.7601.17514_none_41e6975e2bd6f2b2\COMCTL32.dll
0x761e0000 - 0x76237000 	C:\Windows\syswow64\SHLWAPI.dll
0x717b0000 - 0x717c3000 	C:\Windows\system32\DWMAPI.DLL
0x753a0000 - 0x75fea000 	C:\Windows\syswow64\shell32.dll
0x6d230000 - 0x6d27f000 	C:\altera\11.0\quartus\bin\jre\bin\fontmanager.dll
0x6d600000 - 0x6d613000 	C:\altera\11.0\quartus\bin\jre\bin\net.dll
0x75ff0000 - 0x76025000 	C:\Windows\syswow64\WS2_32.dll
0x76120000 - 0x76126000 	C:\Windows\syswow64\NSI.dll
0x74530000 - 0x7456c000 	C:\Windows\system32\mswsock.dll
0x71790000 - 0x71796000 	C:\Windows\System32\wship6.dll
0x71380000 - 0x7139c000 	C:\Windows\system32\iphlpapi.dll
0x71370000 - 0x71377000 	C:\Windows\system32\WINNSI.DLL
0x6de10000 - 0x6de1d000 	C:\Windows\system32\dhcpcsvc6.DLL
0x6e270000 - 0x6e282000 	C:\Windows\system32\dhcpcsvc.DLL
0x67180000 - 0x67343000 	C:\Windows\system32\d3d9.dll
0x72c90000 - 0x72c99000 	C:\Windows\system32\VERSION.dll
0x6e340000 - 0x6e346000 	C:\Windows\system32\d3d8thk.dll
0x6b5f0000 - 0x6b67a000 	C:\Windows\system32\aticfx32.dll
0x6e330000 - 0x6e33a000 	C:\Windows\system32\atiu9pag.dll
0x66590000 - 0x6697e000 	C:\Windows\system32\atiumdag.dll
0x66220000 - 0x66584000 	C:\Windows\system32\atiumdva.dll
0x6d620000 - 0x6d629000 	C:\altera\11.0\quartus\bin\jre\bin\nio.dll
0x747d0000 - 0x7496d000 	C:\Windows\syswow64\SETUPAPI.dll
0x76130000 - 0x76157000 	C:\Windows\syswow64\CFGMGR32.dll
0x74c40000 - 0x74c52000 	C:\Windows\syswow64\DEVOBJ.dll
0x706a0000 - 0x70795000 	C:\Windows\system32\propsys.dll
0x72ab0000 - 0x72ad1000 	C:\Windows\system32\ntmarta.dll
0x74da0000 - 0x74de5000 	C:\Windows\syswow64\WLDAP32.dll
0x68230000 - 0x683c8000 	C:\Windows\system32\NetworkExplorer.dll
0x6c950000 - 0x6c97e000 	C:\Windows\System32\shdocvw.dll
0x72c50000 - 0x72c5b000 	C:\Windows\system32\profapi.dll
0x6de00000 - 0x6de0a000 	C:\Windows\system32\slc.dll
0x6c690000 - 0x6c78b000 	C:\Windows\system32\WindowsCodecs.dll
0x2fdf0000 - 0x2fe07000 	C:\Users\Robert\AppData\Roaming\Dropbox\bin\DropboxExt.14.dll
0x6fc00000 - 0x6fceb000 	C:\Windows\system32\dbghelp.dll
0x7c3a0000 - 0x7c41b000 	C:\Users\Robert\AppData\Roaming\Dropbox\bin\MSVCP71.dll
0x6c110000 - 0x6c141000 	C:\Windows\system32\EhStorShell.dll
0x6ae60000 - 0x6b26a000 	C:\PROGRA~2\MICROS~1\Office14\GROOVEEX.DLL
0x73280000 - 0x73323000 	C:\Windows\WinSxS\x86_microsoft.vc90.crt_1fc8b3b9a1e18e3b_9.0.30729.6161_none_50934f2ebcb7eb57\MSVCR90.dll
0x72bc0000 - 0x72c4e000 	C:\Windows\WinSxS\x86_microsoft.vc90.crt_1fc8b3b9a1e18e3b_9.0.30729.6161_none_50934f2ebcb7eb57\MSVCP90.dll
0x2fe20000 - 0x2fe4b000 	C:\Windows\WinSxS\x86_microsoft.vc90.atl_1fc8b3b9a1e18e3b_9.0.30729.6161_none_51cd0a7abbe4e19b\ATL90.DLL
0x6aa40000 - 0x6ae5a000 	C:\PROGRA~2\COMMON~1\MICROS~1\OFFICE14\Cultures\office.odf
0x6a1d0000 - 0x6aa35000 	C:\PROGRA~2\MICROS~1\Office14\1033\GrooveIntlResource.dll
0x6cb20000 - 0x6cb90000 	C:\Windows\system32\ntshrui.dll
0x71620000 - 0x71639000 	C:\Windows\system32\srvcli.dll
0x6df40000 - 0x6df4b000 	C:\Windows\system32\cscapi.dll
0x6dde0000 - 0x6dde6000 	C:\Windows\system32\IconCodecService.dll
0x72650000 - 0x72662000 	C:\Windows\system32\MPR.dll
0x6e000000 - 0x6e008000 	C:\Windows\System32\drprov.dll
0x6c080000 - 0x6c0a9000 	C:\Windows\System32\WINSTA.dll
0x6dca0000 - 0x6dcb4000 	C:\Windows\System32\ntlanman.dll
0x6cb00000 - 0x6cb17000 	C:\Windows\System32\davclnt.dll
0x6dc90000 - 0x6dc98000 	C:\Windows\System32\DAVHLPR.dll
0x71610000 - 0x7161f000 	C:\Windows\system32\wkscli.dll
0x71640000 - 0x71649000 	C:\Windows\system32\netutils.dll
0x67ff0000 - 0x68228000 	C:\Windows\system32\wpdshext.dll
0x745c0000 - 0x74750000 	C:\Windows\WinSxS\x86_microsoft.windows.gdiplus_6595b64144ccf1df_1.1.7601.17825_none_72d273598668a06b\gdiplus.dll
0x6c160000 - 0x6c1e9000 	C:\Windows\system32\PortableDeviceApi.dll
0x767a0000 - 0x767cd000 	C:\Windows\syswow64\WINTRUST.dll
0x74c80000 - 0x74d9e000 	C:\Windows\syswow64\CRYPT32.dll
0x76410000 - 0x7641c000 	C:\Windows\syswow64\MSASN1.dll
0x30520000 - 0x3054b000 	C:\Windows\system32\PortableDeviceTypes.dll
0x6c0d0000 - 0x6c10f000 	C:\Windows\system32\audiodev.dll
0x67d80000 - 0x67fe7000 	C:\Windows\system32\WMVCore.DLL
0x6c030000 - 0x6c06d000 	C:\Windows\system32\WMASF.DLL
0x6b380000 - 0x6b3a2000 	C:\Windows\system32\EhStorAPI.dll
0x6ddf0000 - 0x6ddf9000 	C:\Windows\system32\LINKINFO.dll
0x72a10000 - 0x72a18000 	C:\Windows\system32\Secur32.dll
0x72ba0000 - 0x72bb6000 	C:\Windows\system32\CRYPTSP.dll
0x72b60000 - 0x72b9b000 	C:\Windows\system32\rsaenh.dll
0x72c60000 - 0x72c77000 	C:\Windows\system32\USERENV.dll
0x733f0000 - 0x73400000 	C:\Windows\system32\NLAapi.dll
0x6f9d0000 - 0x6f9e0000 	C:\Windows\system32\napinsp.dll
0x6e2b0000 - 0x6e2c2000 	C:\Windows\system32\pnrpnsp.dll
0x73d10000 - 0x73d54000 	C:\Windows\system32\DNSAPI.dll
0x6e2a0000 - 0x6e2a8000 	C:\Windows\System32\winrnr.dll
0x6dfb0000 - 0x6dfd7000 	C:\Program Files (x86)\Common Files\Microsoft Shared\Windows Live\WLIDNSP.DLL
0x6dfe0000 - 0x6dfe5000 	C:\Windows\System32\wshtcpip.dll
0x733e0000 - 0x733e6000 	C:\Windows\system32\rasadhlp.dll
0x6dda0000 - 0x6ddd8000 	C:\Windows\System32\fwpuclnt.dll
0x6d1a0000 - 0x6d1c3000 	C:\altera\11.0\quartus\bin\jre\bin\dcpr.dll

VM Arguments:
jvm_args: -Xmx500m 
java_command: com.altera.ipedit.QsysEditorApp --project-dir=C:/Users/Robert/Documents/MBC/OFFCHIP/SSD_EMU/ --system-info=DEVICE_FAMILY=Stratix IV --host-controller
Launcher Type: SUN_STANDARD

Environment Variables:
PATH=c:\altera\11.0\quartus\bin\;"C:\Program Files (x86)\Microchip\xc8\v1.10\bin";C:\Program Files\NVIDIA GPU Computing Toolkit\CUDA\v4.1\\bin;C:\Program Files\NVIDIA GPU Computing Toolkit\CUDA\v4.1\libnvvp\;C:\Program Files (x86)\MiKTeX 2.9\miktex\bin;C:\Program Files\Common Files\Microsoft Shared\Windows Live;C:\Program Files (x86)\Common Files\Microsoft Shared\Windows Live;C:\Windows\system32;C:\Windows;C:\Windows\System32\Wbem;C:\Windows\System32\WindowsPowerShell\v1.0\;c:\Program Files (x86)\ATI Technologies\ATI.ACE\Core-Static;C:\Program Files (x86)\Windows Live\Shared;C:\Program Files (x86)\Common Files\Roxio Shared\DLLShared\;C:\Program Files (x86)\Common Files\Roxio Shared\OEM\DLLShared\;C:\Program Files (x86)\Common Files\Roxio Shared\OEM\DLLShared\;C:\Program Files (x86)\Common Files\Roxio Shared\OEM\12.0\DLLShared\;C:\Program Files (x86)\Roxio\OEM\AudioCore\;C:\Program Files\MATLAB\R2011b\runtime\win64;C:\Program Files\MATLAB\R2011b\bin;C:\Aldec\Active-HDL Student Edition\bin;c:\Program Files (x86)\Microsoft SQL Server\100\Tools\Binn\;c:\Program Files\Microsoft SQL Server\100\Tools\Binn\;c:\Program Files\Microsoft SQL Server\100\DTS\Binn\
USERNAME=Robert
OS=Windows_NT
PROCESSOR_IDENTIFIER=Intel64 Family 6 Model 30 Stepping 5, GenuineIntel



---------------  S Y S T E M  ---------------

OS: Windows 7 Build 7601 Service Pack 1

CPU:total 4 (4 cores per cpu, 1 threads per core) family 6 model 30 stepping 5, cmov, cx8, fxsr, mmx, sse, sse2, sse3, ssse3, sse4.1, sse4.2, popcnt

Memory: 4k page, physical 6249592k(2494096k free), swap 12497332k(7258748k free)

vm_info: Java HotSpot(TM) Client VM (19.0-b09) for windows-x86 JRE (1.6.0_23-b05), built on Nov 12 2010 15:00:43 by "java_re" with MS VC++ 7.1 (VS2003)

time: Fri Nov 09 18:37:17 2012
elapsed time: 255621 seconds

