#
# A fatal error has been detected by the Java Runtime Environment:
#
#  EXCEPTION_ACCESS_VIOLATION (0xc0000005) at pc=0x6d07390b, pid=5812, tid=5612
#
# JRE version: 6.0_23-b05
# Java VM: Java HotSpot(TM) Client VM (19.0-b09 mixed mode windows-x86 )
# Problematic frame:
# C  [awt.dll+0x7390b]
#
# If you would like to submit a bug report, please visit:
#   http://java.sun.com/webapps/bugreport/crash.jsp
# The crash happened outside the Java Virtual Machine in native code.
# See problematic frame for where to report the bug.
#

---------------  T H R E A D  ---------------

Current thread (0x28bf2800):  JavaThread "AWT-Windows" daemon [_thread_in_native, id=5612, stack(0x29590000,0x295e0000)]

siginfo: ExceptionCode=0xc0000005, reading address 0xe4fcaeee

Registers:
EAX=0xe4fcaeee, EBX=0x7556444f, ECX=0x295df580, EDX=0x6d0c65e0
ESP=0x295df540, EBP=0x0001a220, ESI=0x2918b2d8, EDI=0x00000111
EIP=0x6d07390b, EFLAGS=0x00010286

Register to memory mapping:

EAX=0xe4fcaeee
0xe4fcaeee is pointing to unknown location

EBX=0x7556444f
0x7556444f is pointing to unknown location

ECX=0x295df580
0x295df580 is pointing into the stack for thread: 0x28bf2800
"AWT-Windows" daemon prio=6 tid=0x28bf2800 nid=0x15ec runnable [0x295df000]
   java.lang.Thread.State: RUNNABLE

EDX=0x6d0c65e0
0x6d0c65e0 is pointing to unknown location

ESP=0x295df540
0x295df540 is pointing into the stack for thread: 0x28bf2800
"AWT-Windows" daemon prio=6 tid=0x28bf2800 nid=0x15ec runnable [0x295df000]
   java.lang.Thread.State: RUNNABLE

EBP=0x0001a220
0x0001a220 is pointing to unknown location

ESI=0x2918b2d8
0x2918b2d8 is pointing to unknown location

EDI=0x00000111
0x00000111 is pointing to unknown location


Top of Stack: (sp=0x295df540)
0x295df540:   6d07695f 0000a220 00000000 00000001
0x295df550:   0001a220 2918b2d8 295df5f4 00000111
0x295df560:   00000001 76ce6f9e 00000000 28bf2918
0x295df570:   ffffffeb 00000000 00000000 00030538
0x295df580:   295df5e8 6d0beba8 00000000 6d09e42e
0x295df590:   00000111 0001a220 00000000 00000111
0x295df5a0:   2918b2d8 00000000 00000000 6d07bb92
0x295df5b0:   00000111 0001a220 00000000 00000000 

Instructions: (pc=0x6d07390b)
0x6d0738fb:   04 50 b9 40 29 10 6d e8 99 66 02 00 85 c0 74 07
0x6d07390b:   8b 10 8b c8 ff 52 04 b8 02 00 00 00 c2 0c 00 50 


Stack: [0x29590000,0x295e0000],  sp=0x295df540,  free space=317k
Native frames: (J=compiled Java code, j=interpreted, Vv=VM code, C=native code)
C  [awt.dll+0x7390b]

Java frames: (J=compiled Java code, j=interpreted, Vv=VM code)
j  sun.awt.windows.WToolkit.eventLoop()V+0
j  sun.awt.windows.WToolkit.run()V+52
j  java.lang.Thread.run()V+11
v  ~StubRoutines::call_stub

---------------  P R O C E S S  ---------------

Java Threads: ( => current thread )
  0x28ddcc00 JavaThread "Swing-Shell" daemon [_thread_blocked, id=5860, stack(0x2fdc0000,0x2fe10000)]
  0x28ddc800 JavaThread "D3D Screen Updater" daemon [_thread_blocked, id=3100, stack(0x00660000,0x006b0000)]
  0x28ed4400 JavaThread "TimerQueue" daemon [_thread_blocked, id=2436, stack(0x2cdc0000,0x2ce10000)]
  0x28d29000 JavaThread "AWT-EventQueue-0" [_thread_in_native, id=2764, stack(0x29f80000,0x29fd0000)]
  0x28c6d800 JavaThread "Command Watcher" daemon [_thread_blocked, id=4152, stack(0x29e10000,0x29e60000)]
=>0x28bf2800 JavaThread "AWT-Windows" daemon [_thread_in_native, id=5612, stack(0x29590000,0x295e0000)]
  0x28bf2000 JavaThread "AWT-Shutdown" [_thread_blocked, id=1604, stack(0x294d0000,0x29520000)]
  0x28bf1c00 JavaThread "Java2D Disposer" daemon [_thread_blocked, id=4492, stack(0x29440000,0x29490000)]
  0x27e10000 JavaThread "Low Memory Detector" daemon [_thread_blocked, id=5820, stack(0x28720000,0x28770000)]
  0x27e0ac00 JavaThread "CompilerThread0" daemon [_thread_blocked, id=2168, stack(0x28690000,0x286e0000)]
  0x27e09c00 JavaThread "Attach Listener" daemon [_thread_blocked, id=3356, stack(0x28600000,0x28650000)]
  0x27e06c00 JavaThread "Signal Dispatcher" daemon [_thread_blocked, id=5896, stack(0x28570000,0x285c0000)]
  0x27dd6800 JavaThread "Finalizer" daemon [_thread_blocked, id=5952, stack(0x284e0000,0x28530000)]
  0x27dd1c00 JavaThread "Reference Handler" daemon [_thread_blocked, id=5792, stack(0x28070000,0x280c0000)]
  0x007de000 JavaThread "main" [_thread_blocked, id=4588, stack(0x006f0000,0x00740000)]

Other Threads:
  0x27dce400 VMThread [stack: 0x27fe0000,0x28030000] [id=5016]
  0x27e21400 WatcherThread [stack: 0x287b0000,0x28800000] [id=4952]

VM state:not at safepoint (normal execution)

VM Mutex/Monitor currently owned by a thread: None

Heap
 def new generation   total 39680K, used 7259K [0x04790000, 0x07290000, 0x0ee30000)
  eden space 35328K,  20% used [0x04790000, 0x04ea6d38, 0x06a10000)
  from space 4352K,   0% used [0x06e50000, 0x06e50090, 0x07290000)
  to   space 4352K,   0% used [0x06a10000, 0x06a10000, 0x06e50000)
 tenured generation   total 87996K, used 62873K [0x0ee30000, 0x1441f000, 0x23b90000)
   the space 87996K,  71% used [0x0ee30000, 0x12b96588, 0x12b96600, 0x1441f000)
 compacting perm gen  total 26368K, used 26168K [0x23b90000, 0x25550000, 0x27b90000)
   the space 26368K,  99% used [0x23b90000, 0x2551e3f0, 0x2551e400, 0x25550000)
No shared spaces configured.

Dynamic libraries:
0x00400000 - 0x00424000 	C:\altera\11.0\quartus\bin\jre\bin\java.exe
0x77bf0000 - 0x77d70000 	C:\Windows\SysWOW64\ntdll.dll
0x75550000 - 0x75660000 	C:\Windows\syswow64\kernel32.dll
0x75470000 - 0x754b7000 	C:\Windows\syswow64\KERNELBASE.dll
0x769e0000 - 0x76a80000 	C:\Windows\syswow64\ADVAPI32.dll
0x76ab0000 - 0x76b5c000 	C:\Windows\syswow64\msvcrt.dll
0x75520000 - 0x75539000 	C:\Windows\SysWOW64\sechost.dll
0x75750000 - 0x75840000 	C:\Windows\syswow64\RPCRT4.dll
0x752d0000 - 0x75330000 	C:\Windows\syswow64\SspiCli.dll
0x752c0000 - 0x752cc000 	C:\Windows\syswow64\CRYPTBASE.dll
0x7c340000 - 0x7c396000 	C:\altera\11.0\quartus\bin\jre\bin\msvcr71.dll
0x6d7f0000 - 0x6da9c000 	C:\altera\11.0\quartus\bin\jre\bin\client\jvm.dll
0x76cd0000 - 0x76dd0000 	C:\Windows\syswow64\USER32.dll
0x76c00000 - 0x76c90000 	C:\Windows\syswow64\GDI32.dll
0x77bc0000 - 0x77bca000 	C:\Windows\syswow64\LPK.dll
0x77090000 - 0x7712d000 	C:\Windows\syswow64\USP10.dll
0x71610000 - 0x71642000 	C:\Windows\system32\WINMM.dll
0x75660000 - 0x756c0000 	C:\Windows\system32\IMM32.DLL
0x76dd0000 - 0x76e9c000 	C:\Windows\syswow64\MSCTF.dll
0x72c60000 - 0x72cac000 	C:\Windows\system32\apphelp.dll
0x6d700000 - 0x6d722000 	C:\altera\11.0\quartus\bin\jre\bin\splashscreen.dll
0x72b50000 - 0x72bd0000 	C:\Windows\system32\uxtheme.dll
0x6d7a0000 - 0x6d7ac000 	C:\altera\11.0\quartus\bin\jre\bin\verify.dll
0x6d320000 - 0x6d33f000 	C:\altera\11.0\quartus\bin\jre\bin\java.dll
0x6d280000 - 0x6d288000 	C:\altera\11.0\quartus\bin\jre\bin\hpi.dll
0x75d70000 - 0x75d75000 	C:\Windows\syswow64\PSAPI.DLL
0x6d7e0000 - 0x6d7ef000 	C:\altera\11.0\quartus\bin\jre\bin\zip.dll
0x76f30000 - 0x7708c000 	C:\Windows\system32\ole32.dll
0x76ea0000 - 0x76f23000 	C:\Windows\syswow64\CLBCatQ.DLL
0x75330000 - 0x753bf000 	C:\Windows\syswow64\OLEAUT32.dll
0x6d000000 - 0x6d14a000 	C:\altera\11.0\quartus\bin\jre\bin\awt.dll
0x72cd0000 - 0x72d21000 	C:\Windows\system32\WINSPOOL.DRV
0x71a40000 - 0x71bde000 	C:\Windows\WinSxS\x86_microsoft.windows.common-controls_6595b64144ccf1df_6.0.7601.17514_none_41e6975e2bd6f2b2\COMCTL32.dll
0x754c0000 - 0x75517000 	C:\Windows\syswow64\SHLWAPI.dll
0x72b30000 - 0x72b43000 	C:\Windows\system32\DWMAPI.DLL
0x75d80000 - 0x769ca000 	C:\Windows\syswow64\shell32.dll
0x6d230000 - 0x6d27f000 	C:\altera\11.0\quartus\bin\jre\bin\fontmanager.dll
0x6d600000 - 0x6d613000 	C:\altera\11.0\quartus\bin\jre\bin\net.dll
0x76c90000 - 0x76cc5000 	C:\Windows\syswow64\WS2_32.dll
0x75840000 - 0x75846000 	C:\Windows\syswow64\NSI.dll
0x74eb0000 - 0x74eec000 	C:\Windows\system32\mswsock.dll
0x74f90000 - 0x74f96000 	C:\Windows\System32\wship6.dll
0x73290000 - 0x732ac000 	C:\Windows\system32\iphlpapi.dll
0x73280000 - 0x73287000 	C:\Windows\system32\WINNSI.DLL
0x74d70000 - 0x74d7d000 	C:\Windows\system32\dhcpcsvc6.DLL
0x715c0000 - 0x715d2000 	C:\Windows\system32\dhcpcsvc.DLL
0x6a580000 - 0x6a743000 	C:\Windows\system32\d3d9.dll
0x737f0000 - 0x737f9000 	C:\Windows\system32\VERSION.dll
0x6a570000 - 0x6a576000 	C:\Windows\system32\d3d8thk.dll
0x6aed0000 - 0x6af5a000 	C:\Windows\system32\aticfx32.dll
0x6a550000 - 0x6a55a000 	C:\Windows\system32\atiu9pag.dll
0x69d70000 - 0x6a15e000 	C:\Windows\system32\atiumdag.dll
0x6a1e0000 - 0x6a544000 	C:\Windows\system32\atiumdva.dll
0x6d620000 - 0x6d629000 	C:\altera\11.0\quartus\bin\jre\bin\nio.dll
0x77190000 - 0x7732d000 	C:\Windows\syswow64\SETUPAPI.dll
0x76a80000 - 0x76aa7000 	C:\Windows\syswow64\CFGMGR32.dll
0x76be0000 - 0x76bf2000 	C:\Windows\syswow64\DEVOBJ.dll
0x71940000 - 0x71a35000 	C:\Windows\system32\propsys.dll
0x73550000 - 0x73571000 	C:\Windows\system32\ntmarta.dll
0x753c0000 - 0x75405000 	C:\Windows\syswow64\WLDAP32.dll
0x69990000 - 0x69b28000 	C:\Windows\system32\NetworkExplorer.dll
0x6a750000 - 0x6a77e000 	C:\Windows\System32\shdocvw.dll
0x737b0000 - 0x737bb000 	C:\Windows\system32\profapi.dll
0x6d3d0000 - 0x6d3da000 	C:\Windows\system32\slc.dll
0x2fef0000 - 0x2ffeb000 	C:\Windows\system32\WindowsCodecs.dll
0x2a240000 - 0x2a257000 	C:\Users\Robert\AppData\Roaming\Dropbox\bin\DropboxExt.14.dll
0x70c70000 - 0x70d5b000 	C:\Windows\system32\dbghelp.dll
0x7c3a0000 - 0x7c41b000 	C:\Users\Robert\AppData\Roaming\Dropbox\bin\MSVCP71.dll
0x6a160000 - 0x6a191000 	C:\Windows\system32\EhStorShell.dll
0x69130000 - 0x6953a000 	C:\PROGRA~2\MICROS~1\Office14\GROOVEEX.DLL
0x73de0000 - 0x73e83000 	C:\Windows\WinSxS\x86_microsoft.vc90.crt_1fc8b3b9a1e18e3b_9.0.30729.6161_none_50934f2ebcb7eb57\MSVCR90.dll
0x73720000 - 0x737ae000 	C:\Windows\WinSxS\x86_microsoft.vc90.crt_1fc8b3b9a1e18e3b_9.0.30729.6161_none_50934f2ebcb7eb57\MSVCP90.dll
0x6a1b0000 - 0x6a1db000 	C:\Windows\WinSxS\x86_microsoft.vc90.atl_1fc8b3b9a1e18e3b_9.0.30729.6161_none_51cd0a7abbe4e19b\ATL90.DLL
0x688f0000 - 0x68d0a000 	C:\PROGRA~2\COMMON~1\MICROS~1\OFFICE14\Cultures\office.odf
0x60620000 - 0x60e85000 	C:\PROGRA~2\MICROS~1\Office14\1033\GrooveIntlResource.dll
0x6c660000 - 0x6c6d0000 	C:\Windows\system32\ntshrui.dll
0x72a00000 - 0x72a19000 	C:\Windows\system32\srvcli.dll
0x6eb80000 - 0x6eb8b000 	C:\Windows\system32\cscapi.dll
0x6a560000 - 0x6a566000 	C:\Windows\system32\IconCodecService.dll
0x728c0000 - 0x728d2000 	C:\Windows\system32\MPR.dll
0x69d60000 - 0x69d68000 	C:\Windows\System32\drprov.dll
0x69ca0000 - 0x69cc9000 	C:\Windows\System32\WINSTA.dll
0x69c80000 - 0x69c94000 	C:\Windows\System32\ntlanman.dll
0x69c60000 - 0x69c77000 	C:\Windows\System32\davclnt.dll
0x69d50000 - 0x69d58000 	C:\Windows\System32\DAVHLPR.dll
0x729f0000 - 0x729ff000 	C:\Windows\system32\wkscli.dll
0x73270000 - 0x73279000 	C:\Windows\system32\netutils.dll
0x69710000 - 0x69948000 	C:\Windows\system32\wpdshext.dll
0x6f650000 - 0x6f7e0000 	C:\Windows\WinSxS\x86_microsoft.windows.gdiplus_6595b64144ccf1df_1.1.7601.17825_none_72d273598668a06b\gdiplus.dll
0x69bd0000 - 0x69c59000 	C:\Windows\system32\PortableDeviceApi.dll
0x75440000 - 0x7546d000 	C:\Windows\syswow64\WINTRUST.dll
0x75a10000 - 0x75b2e000 	C:\Windows\syswow64\CRYPT32.dll
0x769d0000 - 0x769dc000 	C:\Windows\syswow64\MSASN1.dll
0x69ba0000 - 0x69bcb000 	C:\Windows\system32\PortableDeviceTypes.dll
0x696d0000 - 0x6970f000 	C:\Windows\system32\audiodev.dll
0x68ec0000 - 0x69127000 	C:\Windows\system32\WMVCore.DLL
0x69b60000 - 0x69b9d000 	C:\Windows\system32\WMASF.DLL
0x69b30000 - 0x69b52000 	C:\Windows\system32\EhStorAPI.dll
0x307c0000 - 0x307c9000 	C:\Windows\system32\LINKINFO.dll
0x73670000 - 0x73678000 	C:\Windows\system32\Secur32.dll
0x73620000 - 0x73636000 	C:\Windows\system32\CRYPTSP.dll
0x735e0000 - 0x7361b000 	C:\Windows\system32\rsaenh.dll
0x737c0000 - 0x737d7000 	C:\Windows\system32\USERENV.dll
0x74f00000 - 0x74f10000 	C:\Windows\system32\NLAapi.dll
0x74aa0000 - 0x74ab0000 	C:\Windows\system32\napinsp.dll
0x72a50000 - 0x72a62000 	C:\Windows\system32\pnrpnsp.dll
0x751d0000 - 0x75214000 	C:\Windows\system32\DNSAPI.dll
0x73f40000 - 0x73f48000 	C:\Windows\System32\winrnr.dll
0x74ab0000 - 0x74ad7000 	C:\Program Files (x86)\Common Files\Microsoft Shared\Windows Live\WLIDNSP.DLL
0x74ae0000 - 0x74ae5000 	C:\Windows\System32\wshtcpip.dll
0x74ef0000 - 0x74ef6000 	C:\Windows\system32\rasadhlp.dll
0x74120000 - 0x74158000 	C:\Windows\System32\fwpuclnt.dll
0x6d1a0000 - 0x6d1c3000 	C:\altera\11.0\quartus\bin\jre\bin\dcpr.dll

VM Arguments:
jvm_args: -Xmx500m 
java_command: com.altera.ipedit.QsysEditorApp --project-dir=C:/Users/Robert/Documents/MBC/OFFCHIP/SSD_EMU/ --system-info=DEVICE_FAMILY=Stratix IV --host-controller
Launcher Type: SUN_STANDARD

Environment Variables:
PATH=c:\altera\11.0\quartus\bin\;"C:\Program Files (x86)\Microchip\xc8\v1.10\bin";C:\Program Files\NVIDIA GPU Computing Toolkit\CUDA\v4.1\\bin;C:\Program Files\NVIDIA GPU Computing Toolkit\CUDA\v4.1\libnvvp\;C:\Program Files (x86)\MiKTeX 2.9\miktex\bin;C:\Program Files\Common Files\Microsoft Shared\Windows Live;C:\Program Files (x86)\Common Files\Microsoft Shared\Windows Live;C:\Windows\system32;C:\Windows;C:\Windows\System32\Wbem;C:\Windows\System32\WindowsPowerShell\v1.0\;c:\Program Files (x86)\ATI Technologies\ATI.ACE\Core-Static;C:\Program Files (x86)\Windows Live\Shared;C:\Program Files (x86)\Common Files\Roxio Shared\DLLShared\;C:\Program Files (x86)\Common Files\Roxio Shared\OEM\DLLShared\;C:\Program Files (x86)\Common Files\Roxio Shared\OEM\DLLShared\;C:\Program Files (x86)\Common Files\Roxio Shared\OEM\12.0\DLLShared\;C:\Program Files (x86)\Roxio\OEM\AudioCore\;C:\Program Files\MATLAB\R2011b\runtime\win64;C:\Program Files\MATLAB\R2011b\bin;C:\Aldec\Active-HDL Student Edition\bin;c:\Program Files (x86)\Microsoft SQL Server\100\Tools\Binn\;c:\Program Files\Microsoft SQL Server\100\Tools\Binn\;c:\Program Files\Microsoft SQL Server\100\DTS\Binn\
USERNAME=Robert
OS=Windows_NT
PROCESSOR_IDENTIFIER=Intel64 Family 6 Model 30 Stepping 5, GenuineIntel



---------------  S Y S T E M  ---------------

OS: Windows 7 Build 7601 Service Pack 1

CPU:total 4 (4 cores per cpu, 1 threads per core) family 6 model 30 stepping 5, cmov, cx8, fxsr, mmx, sse, sse2, sse3, ssse3, sse4.1, sse4.2, popcnt

Memory: 4k page, physical 6249592k(3804548k free), swap 12497332k(8941016k free)

vm_info: Java HotSpot(TM) Client VM (19.0-b09) for windows-x86 JRE (1.6.0_23-b05), built on Nov 12 2010 15:00:43 by "java_re" with MS VC++ 7.1 (VS2003)

time: Tue Nov 13 17:36:36 2012
elapsed time: 96071 seconds

